[09-Dec-2015 13:01:16] NOTICE: configuration file /etc/php5/fpm/php-fpm.conf test is successful

[09-Dec-2015 13:01:16] NOTICE: fpm is running, pid 28
[09-Dec-2015 13:01:16] NOTICE: ready to handle connections
[09-Dec-2015 13:01:16] NOTICE: systemd monitor interval set to 10000ms
[10-Dec-2015 07:20:45] NOTICE: fpm is running, pid 15
[10-Dec-2015 07:20:45] NOTICE: ready to handle connections
[10-Dec-2015 07:20:45] NOTICE: systemd monitor interval set to 10000ms
[10-Dec-2015 07:20:46] ERROR: unable to bind listening socket for address '127.0.0.1:9000': Address already in use (98)
[10-Dec-2015 07:20:46] ERROR: FPM initialization failed
[10-Dec-2015 07:20:49] ERROR: unable to bind listening socket for address '127.0.0.1:9000': Address already in use (98)
[10-Dec-2015 07:20:49] ERROR: FPM initialization failed
[10-Dec-2015 07:20:52] ERROR: unable to bind listening socket for address '127.0.0.1:9000': Address already in use (98)
[10-Dec-2015 07:20:52] ERROR: FPM initialization failed
[10-Dec-2015 07:32:12] NOTICE: configuration file /etc/php5/fpm/php-fpm.conf test is successful

[10-Dec-2015 07:32:12] NOTICE: fpm is running, pid 105
[10-Dec-2015 07:32:12] NOTICE: ready to handle connections
[10-Dec-2015 07:32:12] NOTICE: systemd monitor interval set to 10000ms
[10-Dec-2015 08:20:59] NOTICE: fpm is running, pid 16
[10-Dec-2015 08:20:59] NOTICE: ready to handle connections
[10-Dec-2015 08:20:59] NOTICE: systemd monitor interval set to 10000ms
[10-Dec-2015 08:21:00] ERROR: unable to bind listening socket for address '127.0.0.1:9000': Address already in use (98)
[10-Dec-2015 08:21:00] ERROR: FPM initialization failed
[10-Dec-2015 08:21:03] ERROR: unable to bind listening socket for address '127.0.0.1:9000': Address already in use (98)
[10-Dec-2015 08:21:03] ERROR: FPM initialization failed
[10-Dec-2015 08:21:06] ERROR: unable to bind listening socket for address '127.0.0.1:9000': Address already in use (98)
[10-Dec-2015 08:21:06] ERROR: FPM initialization failed
[10-Dec-2015 10:24:03] NOTICE: fpm is running, pid 8
[10-Dec-2015 10:24:03] NOTICE: ready to handle connections
[10-Dec-2015 10:24:03] NOTICE: systemd monitor interval set to 10000ms
[10-Dec-2015 10:24:29] NOTICE: Terminating ...
[10-Dec-2015 10:24:29] NOTICE: exiting, bye-bye!
[10-Dec-2015 10:24:50] NOTICE: fpm is running, pid 8
[10-Dec-2015 10:24:50] NOTICE: ready to handle connections
[10-Dec-2015 10:24:50] NOTICE: systemd monitor interval set to 10000ms
[10-Dec-2015 10:37:56] NOTICE: fpm is running, pid 8
[10-Dec-2015 10:37:56] NOTICE: ready to handle connections
[10-Dec-2015 10:37:56] NOTICE: systemd monitor interval set to 10000ms
[10-Dec-2015 10:38:48] NOTICE: Terminating ...
[10-Dec-2015 10:38:48] NOTICE: exiting, bye-bye!
[10-Dec-2015 10:38:56] NOTICE: fpm is running, pid 9
[10-Dec-2015 10:38:56] NOTICE: ready to handle connections
[10-Dec-2015 10:38:56] NOTICE: systemd monitor interval set to 10000ms
[10-Dec-2015 10:45:11] NOTICE: fpm is running, pid 9
[10-Dec-2015 10:45:11] NOTICE: ready to handle connections
[10-Dec-2015 10:45:11] NOTICE: systemd monitor interval set to 10000ms
[10-Dec-2015 10:56:33] NOTICE: fpm is running, pid 10
[10-Dec-2015 10:56:33] NOTICE: ready to handle connections
[10-Dec-2015 10:56:33] NOTICE: systemd monitor interval set to 10000ms
[10-Dec-2015 10:58:54] NOTICE: fpm is running, pid 9
[10-Dec-2015 10:58:54] NOTICE: ready to handle connections
[10-Dec-2015 10:58:54] NOTICE: systemd monitor interval set to 10000ms
[10-Dec-2015 11:02:07] NOTICE: fpm is running, pid 9
[10-Dec-2015 11:02:07] NOTICE: ready to handle connections
[10-Dec-2015 11:02:07] NOTICE: systemd monitor interval set to 10000ms
[10-Dec-2015 11:05:12] NOTICE: Terminating ...
[10-Dec-2015 11:05:12] NOTICE: exiting, bye-bye!
[10-Dec-2015 11:05:47] NOTICE: fpm is running, pid 9
[10-Dec-2015 11:05:47] NOTICE: ready to handle connections
[10-Dec-2015 11:05:47] NOTICE: systemd monitor interval set to 10000ms
[10-Dec-2015 11:06:38] NOTICE: fpm is running, pid 9
[10-Dec-2015 11:06:38] NOTICE: ready to handle connections
[10-Dec-2015 11:06:38] NOTICE: systemd monitor interval set to 10000ms
[10-Dec-2015 11:08:19] NOTICE: fpm is running, pid 9
[10-Dec-2015 11:08:19] NOTICE: ready to handle connections
[10-Dec-2015 11:08:19] NOTICE: systemd monitor interval set to 10000ms
[10-Dec-2015 11:16:19] NOTICE: Terminating ...
[10-Dec-2015 11:16:19] NOTICE: exiting, bye-bye!
[10-Dec-2015 11:16:26] NOTICE: fpm is running, pid 9
[10-Dec-2015 11:16:26] NOTICE: ready to handle connections
[10-Dec-2015 11:16:26] NOTICE: systemd monitor interval set to 10000ms
[10-Dec-2015 11:17:41] NOTICE: Terminating ...
[10-Dec-2015 11:17:41] NOTICE: exiting, bye-bye!
[10-Dec-2015 11:49:22] NOTICE: fpm is running, pid 22
[10-Dec-2015 11:49:22] NOTICE: ready to handle connections
[10-Dec-2015 11:49:22] NOTICE: systemd monitor interval set to 10000ms
[10-Dec-2015 12:06:19] NOTICE: fpm is running, pid 10
[10-Dec-2015 12:06:19] NOTICE: ready to handle connections
[10-Dec-2015 12:06:19] NOTICE: systemd monitor interval set to 10000ms
[10-Dec-2015 12:07:21] NOTICE: Terminating ...
[10-Dec-2015 12:07:21] NOTICE: exiting, bye-bye!
[10-Dec-2015 12:09:08] NOTICE: fpm is running, pid 9
[10-Dec-2015 12:09:08] NOTICE: ready to handle connections
[10-Dec-2015 12:09:08] NOTICE: systemd monitor interval set to 10000ms
[10-Dec-2015 12:09:55] NOTICE: Terminating ...
[10-Dec-2015 12:09:55] NOTICE: exiting, bye-bye!
[10-Dec-2015 12:10:20] NOTICE: fpm is running, pid 10
[10-Dec-2015 12:10:20] NOTICE: ready to handle connections
[10-Dec-2015 12:10:20] NOTICE: systemd monitor interval set to 10000ms
[10-Dec-2015 12:10:47] NOTICE: Terminating ...
[10-Dec-2015 12:10:47] NOTICE: exiting, bye-bye!
[10-Dec-2015 12:13:49] NOTICE: fpm is running, pid 9
[10-Dec-2015 12:13:49] NOTICE: ready to handle connections
[10-Dec-2015 12:13:49] NOTICE: systemd monitor interval set to 10000ms
[10-Dec-2015 12:14:59] NOTICE: Terminating ...
[10-Dec-2015 12:14:59] NOTICE: exiting, bye-bye!
[10-Dec-2015 12:15:23] NOTICE: fpm is running, pid 10
[10-Dec-2015 12:15:23] NOTICE: ready to handle connections
[10-Dec-2015 12:15:23] NOTICE: systemd monitor interval set to 10000ms
[10-Dec-2015 12:17:06] NOTICE: Terminating ...
[10-Dec-2015 12:17:06] NOTICE: exiting, bye-bye!
[10-Dec-2015 12:17:39] NOTICE: fpm is running, pid 9
[10-Dec-2015 12:17:39] NOTICE: ready to handle connections
[10-Dec-2015 12:17:39] NOTICE: systemd monitor interval set to 10000ms
[10-Dec-2015 12:18:52] NOTICE: Terminating ...
[10-Dec-2015 12:18:52] NOTICE: exiting, bye-bye!
[10-Dec-2015 12:19:07] NOTICE: fpm is running, pid 10
[10-Dec-2015 12:19:07] NOTICE: ready to handle connections
[10-Dec-2015 12:19:07] NOTICE: systemd monitor interval set to 10000ms
[10-Dec-2015 12:20:03] NOTICE: Terminating ...
[10-Dec-2015 12:20:03] NOTICE: exiting, bye-bye!
[10-Dec-2015 12:20:22] NOTICE: fpm is running, pid 9
[10-Dec-2015 12:20:22] NOTICE: ready to handle connections
[10-Dec-2015 12:20:22] NOTICE: systemd monitor interval set to 10000ms
[10-Dec-2015 12:20:38] NOTICE: Terminating ...
[10-Dec-2015 12:20:38] NOTICE: exiting, bye-bye!
[10-Dec-2015 12:26:26] NOTICE: fpm is running, pid 9
[10-Dec-2015 12:26:26] NOTICE: ready to handle connections
[10-Dec-2015 12:26:26] NOTICE: systemd monitor interval set to 10000ms
[10-Dec-2015 12:27:26] NOTICE: Terminating ...
[10-Dec-2015 12:27:26] NOTICE: exiting, bye-bye!
[10-Dec-2015 12:42:47] NOTICE: fpm is running, pid 9
[10-Dec-2015 12:42:47] NOTICE: ready to handle connections
[10-Dec-2015 12:42:47] NOTICE: systemd monitor interval set to 10000ms
